[  9%] Built target rosgraph_msgs_generate_messages_py
[  9%] Built target sdf
[  9%] Built target gazebo_msgs_generate_messages_nodejs
[35m[1mConsolidate compiler generated dependencies of target webcam_pub[0m
[  9%] Built target gazebo_msgs_generate_messages_cpp
[  9%] Built target gazebo_msgs_generate_messages_py
[  9%] Built target std_msgs_generate_messages_eus
[  9%] Built target gazebo_msgs_generate_messages_lisp
[  9%] Built target gazebo_msgs_generate_messages_eus
[  9%] Built target std_msgs_generate_messages_cpp
[  9%] Built target std_msgs_generate_messages_nodejs
[  9%] Built target std_msgs_generate_messages_py
[  9%] Built target std_msgs_generate_messages_lisp
[  9%] Built target trajectory_msgs_generate_messages_eus
[  9%] Built target trajectory_msgs_generate_messages_lisp
[ 18%] [32mBuilding CXX object CMakeFiles/webcam_pub.dir/src/webcam_pub.cpp.o[0m
[ 18%] Built target trajectory_msgs_generate_messages_nodejs
[ 18%] Built target trajectory_msgs_generate_messages_cpp
[ 18%] Built target geometry_msgs_generate_messages_eus
[ 18%] Built target trajectory_msgs_generate_messages_py
[ 18%] Built target geometry_msgs_generate_messages_cpp
[ 18%] Built target geometry_msgs_generate_messages_nodejs
[ 18%] Built target sensor_msgs_generate_messages_eus
[ 18%] Built target geometry_msgs_generate_messages_lisp
[ 18%] Built target sensor_msgs_generate_messages_lisp
[ 18%] Built target sensor_msgs_generate_messages_cpp
[ 18%] Built target sensor_msgs_generate_messages_nodejs
[ 18%] Built target geometry_msgs_generate_messages_py
[ 18%] Built target sensor_msgs_generate_messages_py
[ 18%] Built target std_srvs_generate_messages_lisp
[ 18%] Built target std_srvs_generate_messages_cpp
[ 18%] Built target std_srvs_generate_messages_nodejs
[ 18%] Built target std_srvs_generate_messages_py
[ 18%] Built target std_srvs_generate_messages_eus
[ 18%] Built target mav_msgs_generate_messages_cpp
[ 18%] Built target mav_msgs_generate_messages_nodejs
[ 18%] Built target mav_msgs_generate_messages_lisp
[ 18%] Built target mav_msgs_generate_messages_py
[ 18%] Built target roscpp_generate_messages_eus
[ 18%] Built target mav_msgs_generate_messages_eus
[ 18%] Built target roscpp_generate_messages_lisp
[ 18%] Built target roscpp_generate_messages_py
[ 18%] Built target roscpp_generate_messages_cpp
[ 18%] Built target roscpp_generate_messages_nodejs
[ 18%] Built target rosgraph_msgs_generate_messages_cpp
[ 18%] Built target rosgraph_msgs_generate_messages_lisp
[ 18%] Built target rosgraph_msgs_generate_messages_eus
[ 18%] Built target rosgraph_msgs_generate_messages_nodejs
[ 36%] Built target roi
[ 54%] Built target waypoint_publisher
[ 72%] Built target hovering_example
[ 90%] Built target waypoint_publisher_file
[01m[K/home/varun/rotors_ws/src/rotors_simulator/rotors_gazebo/src/webcam_pub.cpp:[m[K In function â€˜[01m[Kvoid imageCallback(const ImageConstPtr&)[m[Kâ€™:
[01m[K/home/varun/rotors_ws/src/rotors_simulator/rotors_gazebo/src/webcam_pub.cpp:35:6:[m[K [01;31m[Kerror: [m[Kâ€˜[01m[Kcount[m[Kâ€™ was not declared in this scope; did you mean â€˜[01m[Kstd::count[m[Kâ€™?
   35 |   if([01;31m[Kcount[m[K<1){
      |      [01;31m[K^~~~~[m[K
      |      [32m[Kstd::count[m[K
In file included from [01m[K/usr/include/c++/9/algorithm:62[m[K,
                 from [01m[K/usr/include/boost/math/tools/config.hpp:18[m[K,
                 from [01m[K/usr/include/boost/math/special_functions/round.hpp:13[m[K,
                 from [01m[K/opt/ros/noetic/include/ros/time.h:58[m[K,
                 from [01m[K/opt/ros/noetic/include/ros/ros.h:38[m[K,
                 from [01m[K/home/varun/rotors_ws/src/rotors_simulator/rotors_gazebo/src/webcam_pub.cpp:1[m[K:
[01m[K/usr/include/c++/9/bits/stl_algo.h:4113:5:[m[K [01;36m[Knote: [m[Kâ€˜[01m[Kstd::count[m[Kâ€™ declared here
 4113 |     [01;36m[Kcount[m[K(_InputIterator __first, _InputIterator __last, const _Tp& __value)
      |     [01;36m[K^~~~~[m[K
make[2]: *** [CMakeFiles/webcam_pub.dir/build.make:76: CMakeFiles/webcam_pub.dir/src/webcam_pub.cpp.o] Error 1
make[1]: *** [CMakeFiles/Makefile2:1519: CMakeFiles/webcam_pub.dir/all] Error 2
make: *** [Makefile:146: all] Error 2
