[01m[K/home/varun/rotors_ws/src/rotors_simulator/rotors_gazebo/src/webcam_pub.cpp:[m[K In function â€˜[01m[Kvoid imageCallback(const ImageConstPtr&)[m[Kâ€™:
[01m[K/home/varun/rotors_ws/src/rotors_simulator/rotors_gazebo/src/webcam_pub.cpp:31:5:[m[K [01;31m[Kerror: [m[Kâ€˜[01m[KRect2d[m[Kâ€™ was not declared in this scope; did you mean â€˜[01m[Kcv::Rect2d[m[Kâ€™?
   31 |     [01;31m[KRect2d[m[K r = selectROI(image);
      |     [01;31m[K^~~~~~[m[K
      |     [32m[Kcv::Rect2d[m[K
In file included from [01m[K/usr/include/opencv4/opencv2/core.hpp:58[m[K,
                 from [01m[K/usr/include/opencv4/opencv2/highgui.hpp:46[m[K,
                 from [01m[K/usr/include/opencv4/opencv2/highgui/highgui.hpp:48[m[K,
                 from [01m[K/home/varun/rotors_ws/src/rotors_simulator/rotors_gazebo/src/webcam_pub.cpp:3[m[K:
[01m[K/usr/include/opencv4/opencv2/core/types.hpp:461:23:[m[K [01;36m[Knote: [m[Kâ€˜[01m[Kcv::Rect2d[m[Kâ€™ declared here
  461 | typedef Rect_<double> [01;36m[KRect2d[m[K;
      |                       [01;36m[K^~~~~~[m[K
[01m[K/home/varun/rotors_ws/src/rotors_simulator/rotors_gazebo/src/webcam_pub.cpp:34:5:[m[K [01;31m[Kerror: [m[Kâ€˜[01m[KMat[m[Kâ€™ was not declared in this scope; did you mean â€˜[01m[Kcv::Mat[m[Kâ€™?
   34 |     [01;31m[KMat[m[K imCrop = im(r);
      |     [01;31m[K^~~[m[K
      |     [32m[Kcv::Mat[m[K
In file included from [01m[K/usr/include/opencv4/opencv2/core.hpp:59[m[K,
                 from [01m[K/usr/include/opencv4/opencv2/highgui.hpp:46[m[K,
                 from [01m[K/usr/include/opencv4/opencv2/highgui/highgui.hpp:48[m[K,
                 from [01m[K/home/varun/rotors_ws/src/rotors_simulator/rotors_gazebo/src/webcam_pub.cpp:3[m[K:
[01m[K/usr/include/opencv4/opencv2/core/mat.hpp:791:18:[m[K [01;36m[Knote: [m[Kâ€˜[01m[Kcv::Mat[m[Kâ€™ declared here
  791 | class CV_EXPORTS [01;36m[KMat[m[K
      |                  [01;36m[K^~~[m[K
[01m[K/home/varun/rotors_ws/src/rotors_simulator/rotors_gazebo/src/webcam_pub.cpp:37:21:[m[K [01;31m[Kerror: [m[Kâ€˜[01m[KimCrop[m[Kâ€™ was not declared in this scope
   37 |     imshow("Image", [01;31m[KimCrop[m[K);
      |                     [01;31m[K^~~~~~[m[K
[01m[K/home/varun/rotors_ws/src/rotors_simulator/rotors_gazebo/src/webcam_pub.cpp:37:5:[m[K [01;31m[Kerror: [m[Kâ€˜[01m[Kimshow[m[Kâ€™ was not declared in this scope
   37 |     [01;31m[Kimshow[m[K("Image", imCrop);
      |     [01;31m[K^~~~~~[m[K
[01m[K/home/varun/rotors_ws/src/rotors_simulator/rotors_gazebo/src/webcam_pub.cpp:37:5:[m[K [01;36m[Knote: [m[Ksuggested alternatives:
In file included from [01m[K/usr/include/opencv4/opencv2/highgui/highgui.hpp:48[m[K,
                 from [01m[K/home/varun/rotors_ws/src/rotors_simulator/rotors_gazebo/src/webcam_pub.cpp:3[m[K:
[01m[K/usr/include/opencv4/opencv2/highgui.hpp:625:17:[m[K [01;36m[Knote: [m[K  â€˜[01m[Kcv::imshow[m[Kâ€™
  625 | CV_EXPORTS void [01;36m[Kimshow[m[K(const String& winname, const ogl::Texture2D& tex);
      |                 [01;36m[K^~~~~~[m[K
In file included from [01m[K/usr/include/opencv4/opencv2/viz.hpp:52[m[K,
                 from [01m[K/usr/include/opencv4/opencv2/opencv.hpp:104[m[K,
                 from [01m[K/home/varun/rotors_ws/src/rotors_simulator/rotors_gazebo/src/webcam_pub.cpp:5[m[K:
[01m[K/usr/include/opencv4/opencv2/viz/vizcore.hpp:108:26:[m[K [01;36m[Knote: [m[K  â€˜[01m[Kcv::viz::imshow[m[Kâ€™
  108 |         CV_EXPORTS Viz3d [01;36m[Kimshow[m[K(const String& window_name, InputArray image, const Size& window_size = Size(-1, -1));
      |                          [01;36m[K^~~~~~[m[K
[01m[K/home/varun/rotors_ws/src/rotors_simulator/rotors_gazebo/src/webcam_pub.cpp:38:5:[m[K [01;31m[Kerror: [m[Kâ€˜[01m[KwaitKey[m[Kâ€™ was not declared in this scope; did you mean â€˜[01m[Kcv::waitKey[m[Kâ€™?
   38 |     [01;31m[KwaitKey[m[K(0);
      |     [01;31m[K^~~~~~~[m[K
      |     [32m[Kcv::waitKey[m[K
In file included from [01m[K/usr/include/opencv4/opencv2/highgui/highgui.hpp:48[m[K,
                 from [01m[K/home/varun/rotors_ws/src/rotors_simulator/rotors_gazebo/src/webcam_pub.cpp:3[m[K:
[01m[K/usr/include/opencv4/opencv2/highgui.hpp:354:18:[m[K [01;36m[Knote: [m[Kâ€˜[01m[Kcv::waitKey[m[Kâ€™ declared here
  354 | CV_EXPORTS_W int [01;36m[KwaitKey[m[K(int delay = 0);
      |                  [01;36m[K^~~~~~~[m[K
[01m[K/home/varun/rotors_ws/src/rotors_simulator/rotors_gazebo/src/webcam_pub.cpp:39:6:[m[K [01;31m[Kerror: [m[Kâ€˜[01m[Kview[m[Kâ€™ was not declared in this scope
   39 |      [01;31m[Kview[m[K
      |      [01;31m[K^~~~[m[K
make[2]: *** [CMakeFiles/webcam_pub.dir/build.make:76: CMakeFiles/webcam_pub.dir/src/webcam_pub.cpp.o] Error 1
make[1]: *** [CMakeFiles/Makefile2:1517: CMakeFiles/webcam_pub.dir/all] Error 2
make: *** [Makefile:146: all] Error 2
