[01m[K/home/varun/rotors_ws/src/rotors_simulator/rotors_gazebo/src/webcam_pub.cpp:10:5:[m[K [01;31m[Kerror: [m[Kâ€˜[01m[Kroi_image[m[Kâ€™ in namespace â€˜[01m[Kcv[m[Kâ€™ does not name a type
   10 | cv::[01;31m[Kroi_image[m[K;
      |     [01;31m[K^~~~~~~~~[m[K
[01m[K/home/varun/rotors_ws/src/rotors_simulator/rotors_gazebo/src/webcam_pub.cpp:[m[K In function â€˜[01m[Kvoid imageCallback(const ImageConstPtr&)[m[Kâ€™:
[01m[K/home/varun/rotors_ws/src/rotors_simulator/rotors_gazebo/src/webcam_pub.cpp:27:9:[m[K [01;31m[Kerror: [m[Kâ€˜[01m[Kroi_image[m[Kâ€™ is not a member of â€˜[01m[Kcv[m[Kâ€™
   27 |     cv::[01;31m[Kroi_image[m[K = current_frame;
      |         [01;31m[K^~~~~~~~~[m[K
[01m[K/home/varun/rotors_ws/src/rotors_simulator/rotors_gazebo/src/webcam_pub.cpp:28:5:[m[K [01;31m[Kerror: [m[Kâ€˜[01m[KRect2d[m[Kâ€™ was not declared in this scope; did you mean â€˜[01m[Kcv::Rect2d[m[Kâ€™?
   28 |     [01;31m[KRect2d[m[K r = selectROI(roi_image);
      |     [01;31m[K^~~~~~[m[K
      |     [32m[Kcv::Rect2d[m[K
In file included from [01m[K/usr/include/opencv4/opencv2/core.hpp:58[m[K,
                 from [01m[K/usr/include/opencv4/opencv2/highgui.hpp:46[m[K,
                 from [01m[K/usr/include/opencv4/opencv2/highgui/highgui.hpp:48[m[K,
                 from [01m[K/home/varun/rotors_ws/src/rotors_simulator/rotors_gazebo/src/webcam_pub.cpp:3[m[K:
[01m[K/usr/include/opencv4/opencv2/core/types.hpp:461:23:[m[K [01;36m[Knote: [m[Kâ€˜[01m[Kcv::Rect2d[m[Kâ€™ declared here
  461 | typedef Rect_<double> [01;36m[KRect2d[m[K;
      |                       [01;36m[K^~~~~~[m[K
[01m[K/home/varun/rotors_ws/src/rotors_simulator/rotors_gazebo/src/webcam_pub.cpp:29:5:[m[K [01;31m[Kerror: [m[Kâ€˜[01m[KMat[m[Kâ€™ was not declared in this scope; did you mean â€˜[01m[Kcv::Mat[m[Kâ€™?
   29 |     [01;31m[KMat[m[K imCrop = im(r);
      |     [01;31m[K^~~[m[K
      |     [32m[Kcv::Mat[m[K
In file included from [01m[K/usr/include/opencv4/opencv2/core.hpp:59[m[K,
                 from [01m[K/usr/include/opencv4/opencv2/highgui.hpp:46[m[K,
                 from [01m[K/usr/include/opencv4/opencv2/highgui/highgui.hpp:48[m[K,
                 from [01m[K/home/varun/rotors_ws/src/rotors_simulator/rotors_gazebo/src/webcam_pub.cpp:3[m[K:
[01m[K/usr/include/opencv4/opencv2/core/mat.hpp:791:18:[m[K [01;36m[Knote: [m[Kâ€˜[01m[Kcv::Mat[m[Kâ€™ declared here
  791 | class CV_EXPORTS [01;36m[KMat[m[K
      |                  [01;36m[K^~~[m[K
[01m[K/home/varun/rotors_ws/src/rotors_simulator/rotors_gazebo/src/webcam_pub.cpp:30:25:[m[K [01;31m[Kerror: [m[Kâ€˜[01m[KimCrop[m[Kâ€™ was not declared in this scope
   30 |     cv::imshow("Image", [01;31m[KimCrop[m[K);
      |                         [01;31m[K^~~~~~[m[K
make[2]: *** [CMakeFiles/webcam_pub.dir/build.make:76: CMakeFiles/webcam_pub.dir/src/webcam_pub.cpp.o] Error 1
make[1]: *** [CMakeFiles/Makefile2:1519: CMakeFiles/webcam_pub.dir/all] Error 2
make: *** [Makefile:146: all] Error 2
