[01m[K/home/varun/rotors_ws/src/rotors_simulator/rotors_gazebo/src/webcam_pub.cpp:10:5:[m[K [01;31m[Kerror: [m[Kâ€˜[01m[Kroi_image[m[Kâ€™ in namespace â€˜[01m[Kcv[m[Kâ€™ does not name a type
   10 | cv::[01;31m[Kroi_image[m[K;
      |     [01;31m[K^~~~~~~~~[m[K
[01m[K/home/varun/rotors_ws/src/rotors_simulator/rotors_gazebo/src/webcam_pub.cpp:[m[K In function â€˜[01m[Kvoid imageCallback(const ImageConstPtr&)[m[Kâ€™:
[01m[K/home/varun/rotors_ws/src/rotors_simulator/rotors_gazebo/src/webcam_pub.cpp:27:9:[m[K [01;31m[Kerror: [m[Kâ€˜[01m[Kroi_image[m[Kâ€™ is not a member of â€˜[01m[Kcv[m[Kâ€™
   27 |     cv::[01;31m[Kroi_image[m[K = current_frame;
      |         [01;31m[K^~~~~~~~~[m[K
[01m[K/home/varun/rotors_ws/src/rotors_simulator/rotors_gazebo/src/webcam_pub.cpp:28:30:[m[K [01;31m[Kerror: [m[Kâ€˜[01m[Kroi_image[m[Kâ€™ was not declared in this scope
   28 |     cv::Rect2d r = selectROI([01;31m[Kroi_image[m[K);
      |                              [01;31m[K^~~~~~~~~[m[K
[01m[K/home/varun/rotors_ws/src/rotors_simulator/rotors_gazebo/src/webcam_pub.cpp:28:20:[m[K [01;31m[Kerror: [m[Kâ€˜[01m[KselectROI[m[Kâ€™ was not declared in this scope; did you mean â€˜[01m[Kcv::selectROI[m[Kâ€™?
   28 |     cv::Rect2d r = [01;31m[KselectROI[m[K(roi_image);
      |                    [01;31m[K^~~~~~~~~[m[K
      |                    [32m[Kcv::selectROI[m[K
In file included from [01m[K/usr/include/opencv4/opencv2/highgui/highgui.hpp:48[m[K,
                 from [01m[K/home/varun/rotors_ws/src/rotors_simulator/rotors_gazebo/src/webcam_pub.cpp:3[m[K:
[01m[K/usr/include/opencv4/opencv2/highgui.hpp:507:19:[m[K [01;36m[Knote: [m[Kâ€˜[01m[Kcv::selectROI[m[Kâ€™ declared here
  507 | CV_EXPORTS_W Rect [01;36m[KselectROI[m[K(InputArray img, bool showCrosshair = true, bool fromCenter = false);
      |                   [01;36m[K^~~~~~~~~[m[K
[01m[K/home/varun/rotors_ws/src/rotors_simulator/rotors_gazebo/src/webcam_pub.cpp:29:22:[m[K [01;31m[Kerror: [m[Kâ€˜[01m[Kim[m[Kâ€™ was not declared in this scope; did you mean â€˜[01m[Ktm[m[Kâ€™?
   29 |     cv::Mat imCrop = [01;31m[Kim[m[K(r);
      |                      [01;31m[K^~[m[K
      |                      [32m[Ktm[m[K
make[2]: *** [CMakeFiles/webcam_pub.dir/build.make:76: CMakeFiles/webcam_pub.dir/src/webcam_pub.cpp.o] Error 1
make[1]: *** [CMakeFiles/Makefile2:1519: CMakeFiles/webcam_pub.dir/all] Error 2
make: *** [Makefile:146: all] Error 2
